[2025-09-20 22:17:12.786216] INFO: Cardiac Logger initialized: file=cardiac_system.log, level=5
[2025-09-20 22:17:12.786649] ERR: Failed to open file: °¨cîV
[2025-09-20 22:17:12.786701] ERR: Failed to load samples from file: data/ecg_samples.bin
[2025-09-20 22:17:12.786784] INFO: Cardiac Logger shutting down...
[2025-09-20 22:18:20.451473] INFO: Cardiac Logger initialized: file=cardiac_system.log, level=5
[2025-09-20 22:18:20.458975] SCSS: Loaded 17500 samples from data/raw/ecg_samples.bin
[2025-09-20 22:18:20.485794] INFO: Starting application...
[2025-09-20 22:18:20.485858] INFO: Sample rate: 250 SPS
[2025-09-20 22:18:20.485896] INFO: Sample period: 4000 Î¼s
[2025-09-20 22:18:20.485942] INFO: Initializing FileManager with files: data/processed/cardiac_data_20250920_221820.bin data/processed/cardiac_data_20250920_221820.csv
[2025-09-20 22:18:20.486288] SCSS: Files opened successfully
[2025-09-20 22:18:20.486470] SCSS: All components initialized successfully
[2025-09-20 22:18:20.486997] INFO: Starting acquisition for 70 seconds.
[2025-09-20 22:18:20.487217] INFO: Starting processing thread...
[2025-09-20 22:18:20.487528] INFO: Waiting for acquisition to complete...
[2025-09-20 22:18:20.487571] INFO: Starting files writing thread...
[2025-09-20 22:18:28.618152] WARN: High delay detected: 2964Î¼s, skipping to catch up
[2025-09-20 22:19:30.487419] INFO: Acquisition duration completed.
[2025-09-20 22:19:30.487686] INFO: Stopping ECG processing thread...
[2025-09-20 22:20:18.423228] INFO: Cardiac Logger initialized: file=cardiac_system.log, level=5
[2025-09-20 22:20:18.432041] SCSS: Loaded 17500 samples from data/raw/ecg_samples.bin
[2025-09-20 22:20:18.458918] INFO: Starting application...
[2025-09-20 22:20:18.458978] INFO: Sample rate: 250 SPS
[2025-09-20 22:20:18.459033] INFO: Sample period: 4000 Î¼s
[2025-09-20 22:20:18.459153] INFO: Initializing FileManager with files: data/processed/cardiac_data_20250920_222018.bin data/processed/cardiac_data_20250920_222018.csv
[2025-09-20 22:20:18.459412] SCSS: Files opened successfully
[2025-09-20 22:20:18.459571] SCSS: All components initialized successfully
[2025-09-20 22:20:18.459880] INFO: Starting acquisition for 70 seconds.
[2025-09-20 22:20:18.460173] INFO: Starting processing thread...
[2025-09-20 22:20:18.460328] INFO: Waiting for acquisition to complete...
[2025-09-20 22:20:18.460340] INFO: Starting files writing thread...
[2025-09-20 22:21:28.460809] INFO: Acquisition duration completed.
[2025-09-20 22:21:28.461075] INFO: Stopping ECG processing thread...
